T1CEC 1334:444 SEGGER J-Link V4.84c Log File (0002ms, 2153ms total)
T1CEC 1334:444 DLL Compiled: Apr 16 2014 18:53:07 (0002ms, 2153ms total)
T1CEC 1334:444 Logging started @ 2015-07-13 08:53 (0002ms, 2153ms total)
T1CEC 1334:467 JLINK_ExecCommand("Device = ATSAMD20G17", ...)Device "ATSAMD20G17" selected (128 KB flash, 16 KB RAM).  returns 0x00 (0000ms, 2153ms total)
T1CEC 1334:467 JLINK_GetFirmwareString(...) (0000ms, 2153ms total)
T1CEC 1334:467 JLINK_GetHardwareVersion()  returns 0x13880 (0000ms, 2153ms total)
T1CEC 1334:467 JLINK_GetDLLVersion()  returns 48403 (0000ms, 2153ms total)
T1CEC 1334:468 JLINK_GetFirmwareString(...) (0000ms, 2153ms total)
T1CEC 1334:468 JLINK_GetHardwareVersion()  returns 0x13880 (0000ms, 2153ms total)
T1CEC 1334:468 JLINK_GetDLLVersion()  returns 48403 (0000ms, 2153ms total)
T1CEC 1334:494 JLINK_ExecCommand("device = ATSAMD20G17", ...)Device "ATSAMD20G17" selected (128 KB flash, 16 KB RAM).  returns 0x00 (0000ms, 2153ms total)
T1CEC 1334:494 JLINK_TIF_Select(JLINKARM_TIF_SWD)  returns 0x00 (0000ms, 2153ms total)
T1CEC 1334:494 JLINK_SetSpeed(50) (0000ms, 2153ms total)
T1CEC 1334:494 JLINK_JTAG_StoreRaw(..., 0x108 Bits)  returns 0x00 (0000ms, 2153ms total)
T1CEC 1334:494 JLINK_JTAG_GetU32(BitPos = 227) >0x108 TIF>  returns 0x0BC11477 (0006ms, 2159ms total)
T1CEC 1334:500 JLINK_JTAG_StoreRaw(..., 0x08 Bits)  returns 0x00 (0000ms, 2159ms total)
T1CEC 1334:500 JLINK_JTAG_StoreRaw(..., 0x03 Bits)  returns 0x08 (0000ms, 2159ms total)
T1CEC 1334:500 JLINK_JTAG_StoreRaw(..., 0x28 Bits)  returns 0x0B (0000ms, 2159ms total)
T1CEC 1334:500 JLINK_JTAG_GetU8(BitPos = 8) >0x33 TIF>  returns 0xB9 (0001ms, 2160ms total)
T1CEC 1334:501 JLINK_JTAG_GetU32(BitPos = 11)  returns 0x0BC11477 (0000ms, 2160ms total)
T1CEC 1334:501 JLINK_JTAG_GetU8(BitPos = 43)  returns 0x02 (0000ms, 2160ms total)
T1CEC 1334:501 JLINK_JTAG_StoreRaw(..., 0x08 Bits)  returns 0x00 (0000ms, 2160ms total)
T1CEC 1334:501 JLINK_JTAG_StoreRaw(..., 0x03 Bits)  returns 0x08 (0000ms, 2160ms total)
T1CEC 1334:501 JLINK_JTAG_StoreRaw(..., 0x28 Bits)  returns 0x0B (0000ms, 2160ms total)
T1CEC 1334:501 JLINK_JTAG_GetU8(BitPos = 8) >0x33 TIF>  returns 0x19 (0002ms, 2162ms total)
T1CEC 1334:503 JLINK_JTAG_GetU32(BitPos = 11)  returns 0x00000043 (0000ms, 2162ms total)
T1CEC 1334:503 JLINK_JTAG_GetU8(BitPos = 43)  returns 0x03 (0000ms, 2162ms total)
T1CEC 1334:503 JLINK_JTAG_StoreRaw(..., 0x08 Bits)  returns 0x00 (0000ms, 2162ms total)
T1CEC 1334:503 JLINK_JTAG_StoreRaw(..., 0x03 Bits)  returns 0x08 (0000ms, 2162ms total)
T1CEC 1334:503 JLINK_JTAG_StoreRaw(..., 0x02 Bits)  returns 0x0B (0000ms, 2162ms total)
T1CEC 1334:503 JLINK_JTAG_StoreRaw(..., 0x28 Bits)  returns 0x0D (0000ms, 2162ms total)
T1CEC 1334:503 JLINK_JTAG_GetU8(BitPos = 8) >0x35 TIF>  returns 0xD9 (0001ms, 2163ms total)
T1CEC 1334:504 JLINK_JTAG_StoreRaw(..., 0x08 Bits)  returns 0x00 (0000ms, 2163ms total)
T1CEC 1334:504 JLINK_JTAG_StoreRaw(..., 0x03 Bits)  returns 0x08 (0000ms, 2163ms total)
T1CEC 1334:504 JLINK_JTAG_StoreRaw(..., 0x28 Bits)  returns 0x0B (0000ms, 2163ms total)
T1CEC 1334:504 JLINK_JTAG_GetU8(BitPos = 8) >0x33 TIF>  returns 0x09 (0001ms, 2164ms total)
T1CEC 1334:505 JLINK_JTAG_GetU32(BitPos = 11)  returns 0x00000041 (0000ms, 2164ms total)
T1CEC 1334:505 JLINK_JTAG_GetU8(BitPos = 43)  returns 0x02 (0000ms, 2164ms total)
T1CEC 1334:505 JLINK_JTAG_StoreRaw(..., 0x08 Bits)  returns 0x00 (0000ms, 2164ms total)
T1CEC 1334:505 JLINK_JTAG_StoreRaw(..., 0x03 Bits)  returns 0x08 (0000ms, 2164ms total)
T1CEC 1334:505 JLINK_JTAG_StoreRaw(..., 0x02 Bits)  returns 0x0B (0000ms, 2164ms total)
T1CEC 1334:505 JLINK_JTAG_StoreRaw(..., 0x28 Bits)  returns 0x0D (0000ms, 2164ms total)
T1CEC 1334:505 JLINK_JTAG_GetU8(BitPos = 8) >0x35 TIF>  returns 0x39 (0002ms, 2166ms total)
T1CEC 1334:507 JLINK_JTAG_StoreRaw(..., 0x08 Bits)  returns 0x00 (0000ms, 2166ms total)
T1CEC 1334:507 JLINK_JTAG_StoreRaw(..., 0x03 Bits)  returns 0x08 (0000ms, 2166ms total)
T1CEC 1334:507 JLINK_JTAG_StoreRaw(..., 0x28 Bits)  returns 0x0B (0000ms, 2166ms total)
T1CEC 1334:507 JLINK_JTAG_GetU8(BitPos = 8) >0x33 TIF>  returns 0x09 (0001ms, 2167ms total)
T1CEC 1334:508 JLINK_JTAG_GetU32(BitPos = 11)  returns 0xF0000041 (0000ms, 2167ms total)
T1CEC 1334:508 JLINK_JTAG_GetU8(BitPos = 43)  returns 0x02 (0000ms, 2167ms total)
T1CEC 1334:508 JLINK_WriteMem(0x41002100, 0x0001 Bytes, ...) -- Data:  10 >0x108 TIF>Found SWD-DP with ID 0x0BC11477 >0x0D TIF> >0x28 TIF> >0x0D TIF> >0x28 TIF> >0x0D TIF> >0x21 TIF> >0x0D TIF> >0x28 TIF> >0x0D TIF> >0x28 TIF> >0x0D TIF> >0x28 TIF> >0x0D TIF> >0x21 TIF> >0x0D TIF> >0x21 TIF> >0x0D TIF> >0x28 TIF> >0x0D TIF> >0x28 TIF> >0x0D TIF> >0x28 TIF> >0x0D TIF> >0x28 TIF> >0x0D TIF> >0x28 TIF> >0x0D TIF> >0x28 TIF> >0x0D TIF> >0x21 TIF> >0x0D TIF> >0x21 TIF> >0x0D TIF> >0x28 TIF> >0x0D TIF>
 >0x28 TIF> >0x108 TIF>Found SWD-DP with ID 0x0BC11477 >0x0D TIF> >0x21 TIF> >0x0D TIF> >0x28 TIF> >0x0D TIF> >0x28 TIF> >0x0D TIF> >0x21 TIF> >0x0D TIF> >0x28 TIF> >0x0D TIF> >0x21 TIF> >0x0D TIF> >0x21 TIF> >0x0D TIF> >0x21 TIF> >0x0D TIF> >0x28 TIF> >0x0D TIF> >0x28 TIF> >0x0D TIF> >0x28 TIF> >0x0D TIF> >0x21 TIF> >0x0D TIF> >0x21 TIF> >0x0D TIF> >0x21 TIF> >0x0D TIF> >0x28 TIF> >0x0D TIF> >0x28 TIF> >0x0D TIF> >0x21 TIF> >0x0D TIF> >0x28 TIF> >0x0D TIF> >0x28 TIF> >0x0D TIF> >0x28 TIF> >0x0D TIF>
 >0x21 TIF> >0x0D TIF> >0x21 TIF> >0x0D TIF> >0x28 TIF> >0x0D TIF> >0x21 TIF> >0x0D TIF> >0x21 TIF>Found Cortex-M0 r0p1, Little endian. -- CPU_WriteMem(4 bytes @ 0xE0002000) -- CPU_ReadMem(4 bytes @ 0xE000EDF0) -- CPU_ReadMem(4 bytes @ 0xE0002000)FPUnit: 4 code (BP) slots and 0 literal slots -- CPU_ReadMem(4 bytes @ 0xE000EDFC) -- CPU_ReadMem(4 bytes @ 0xE0001000) -- CPU_WriteMem(4 bytes @ 0xE0001000) -- CPU_ReadMem(4 bytes @ 0xE00FF018) -- CPU is running -- CPU_WriteMem(1 bytes @ 0x41002100)
  returns 0x01 (0139ms, 2306ms total)
T1CEC 1334:647 JLINK_ReadMem (0x41002101, 0x0001 Bytes, ...) -- CPU is running -- CPU_ReadMem(1 bytes @ 0x41002101) -- Data:  00  returns 0x00 (0007ms, 2313ms total)
T1CEC 1334:855 JLINK_ReadMem (0x41002101, 0x0001 Bytes, ...) -- CPU is running -- CPU_ReadMem(1 bytes @ 0x41002101) -- Data:  01  returns 0x00 (0005ms, 2318ms total)
T1CEC 1334:860 JLINK_ExecCommand("ProjectFile = C:\Users\Tulio\Google Drive\Ich\OVisionario\RoboEducacional\VE_1\Firmware\VE_1\jlink.config", ...)  returns 0x00 (0001ms, 2319ms total)
T1CEC 1334:880 JLINK_ExecCommand("Device = ATSAMD20G17", ...)Device "ATSAMD20G17" selected (128 KB flash, 16 KB RAM).  returns 0x00 (0000ms, 2319ms total)
T1CEC 1334:880 JLINK_TIF_Select(JLINKARM_TIF_SWD)  returns 0x00 (0000ms, 2319ms total)
T1CEC 1334:880 JLINK_SetSpeed(1000) (0000ms, 2319ms total)
T1CEC 1334:880 JLINK_Connect() >0x108 TIF>Found SWD-DP with ID 0x0BC11477 >0x0D TIF> >0x28 TIF> >0x0D TIF> >0x28 TIF> >0x0D TIF> >0x21 TIF> >0x0D TIF> >0x28 TIF> >0x0D TIF> >0x28 TIF> >0x0D TIF> >0x28 TIF> >0x0D TIF> >0x21 TIF> >0x0D TIF> >0x21 TIF> >0x0D TIF> >0x28 TIF> >0x0D TIF> >0x28 TIF> >0x0D TIF> >0x28 TIF> >0x0D TIF> >0x28 TIF> >0x0D TIF> >0x28 TIF> >0x0D TIF> >0x28 TIF> >0x0D TIF> >0x21 TIF> >0x0D TIF> >0x21 TIF> >0x0D TIF> >0x28 TIF> >0x0D TIF> >0x28 TIF> >0x108 TIF>
Found SWD-DP with ID 0x0BC11477 >0x0D TIF> >0x21 TIF> >0x0D TIF> >0x28 TIF> >0x0D TIF> >0x28 TIF> >0x0D TIF> >0x21 TIF> >0x0D TIF> >0x28 TIF> >0x0D TIF> >0x21 TIF> >0x0D TIF> >0x21 TIF> >0x0D TIF> >0x21 TIF> >0x0D TIF> >0x28 TIF> >0x0D TIF> >0x28 TIF> >0x0D TIF> >0x28 TIF> >0x0D TIF> >0x21 TIF> >0x0D TIF> >0x21 TIF> >0x0D TIF> >0x21 TIF> >0x0D TIF> >0x28 TIF> >0x0D TIF> >0x28 TIF> >0x0D TIF> >0x21 TIF> >0x0D TIF> >0x28 TIF> >0x0D TIF> >0x28 TIF> >0x0D TIF> >0x28 TIF> >0x0D TIF> >0x21 TIF> >0x0D TIF>
 >0x21 TIF> >0x0D TIF> >0x28 TIF> >0x0D TIF> >0x21 TIF> >0x0D TIF> >0x21 TIF>Found Cortex-M0 r0p1, Little endian. -- CPU_WriteMem(4 bytes @ 0xE0002000) -- CPU_ReadMem(4 bytes @ 0xE000EDF0) -- CPU_ReadMem(4 bytes @ 0xE0002000)FPUnit: 4 code (BP) slots and 0 literal slots -- CPU_ReadMem(4 bytes @ 0xE000EDFC) -- CPU_ReadMem(4 bytes @ 0xE0001000) -- CPU_WriteMem(4 bytes @ 0xE0001000) -- CPU_ReadMem(4 bytes @ 0xE00FF018)  returns 0x00 (0052ms, 2371ms total)
T1CEC 1334:932 JLINK_GetDebugInfo(0x100) -- Value=0x41003003  returns 0x00 (0000ms, 2371ms total)
T1CEC 1334:932 JLINK_ReadMemU8(0x41003FF0, 0x0001 Items, ...) -- CPU is running -- CPU_ReadMem(1 bytes @ 0x41003FF0) -- Data:  0D  returns 0x01 (0001ms, 2372ms total)
T1CEC 1334:933 JLINK_ReadMemU8(0x41003FF4, 0x0001 Items, ...) -- CPU is running -- CPU_ReadMem(1 bytes @ 0x41003FF4) -- Data:  10  returns 0x01 (0001ms, 2373ms total)
T1CEC 1334:934 JLINK_ReadMemU8(0x41003FF8, 0x0001 Items, ...) -- CPU is running -- CPU_ReadMem(1 bytes @ 0x41003FF8) -- Data:  05  returns 0x01 (0000ms, 2373ms total)
T1CEC 1334:934 JLINK_ReadMemU8(0x41003FFC, 0x0001 Items, ...) -- CPU is running -- CPU_ReadMem(1 bytes @ 0x41003FFC) -- Data:  B1  returns 0x01 (0001ms, 2374ms total)
T1CEC 1334:935 JLINK_ReadMemU8(0x41003FD0, 0x0001 Items, ...) -- CPU is running -- CPU_ReadMem(1 bytes @ 0x41003FD0) -- Data:  00  returns 0x01 (0001ms, 2375ms total)
T1CEC 1334:936 JLINK_ReadMemU8(0x41003FD4, 0x0001 Items, ...) -- CPU is running -- CPU_ReadMem(1 bytes @ 0x41003FD4) -- Data:  00  returns 0x01 (0000ms, 2375ms total)
T1CEC 1334:936 JLINK_ReadMemU8(0x41003FD8, 0x0001 Items, ...) -- CPU is running -- CPU_ReadMem(1 bytes @ 0x41003FD8) -- Data:  00  returns 0x01 (0001ms, 2376ms total)
T1CEC 1334:937 JLINK_ReadMemU8(0x41003FDC, 0x0001 Items, ...) -- CPU is running -- CPU_ReadMem(1 bytes @ 0x41003FDC) -- Data:  00  returns 0x01 (0000ms, 2376ms total)
T1CEC 1334:937 JLINK_ReadMemU8(0x41003FE0, 0x0001 Items, ...) -- CPU is running -- CPU_ReadMem(1 bytes @ 0x41003FE0) -- Data:  D0  returns 0x01 (0001ms, 2377ms total)
T1CEC 1334:938 JLINK_ReadMemU8(0x41003FE4, 0x0001 Items, ...) -- CPU is running -- CPU_ReadMem(1 bytes @ 0x41003FE4) -- Data:  FC  returns 0x01 (0001ms, 2378ms total)
T1CEC 1334:939 JLINK_ReadMemU8(0x41003FE8, 0x0001 Items, ...) -- CPU is running -- CPU_ReadMem(1 bytes @ 0x41003FE8) -- Data:  09  returns 0x01 (0000ms, 2378ms total)
T1CEC 1334:939 JLINK_ReadMemU8(0x41003FEC, 0x0001 Items, ...) -- CPU is running -- CPU_ReadMem(1 bytes @ 0x41003FEC) -- Data:  00  returns 0x01 (0001ms, 2379ms total)
T1CEC 1334:940 JLINK_ReadMemU32(0x41003000, 0x0001 Items, ...) -- CPU is running -- CPU_ReadMem(4 bytes @ 0x41003000) -- Data:  03 C0 0F 9F  returns 0x01 (0001ms, 2380ms total)
T1CEC 1334:941 JLINK_ReadMemU8(0xE00FFFF0, 0x0001 Items, ...) -- CPU is running -- CPU_ReadMem(1 bytes @ 0xE00FFFF0) -- Data:  00  returns 0x01 (0000ms, 2380ms total)
T1CEC 1334:941 JLINK_ReadMemU8(0xE00FFFF4, 0x0001 Items, ...) -- CPU is running -- CPU_ReadMem(1 bytes @ 0xE00FFFF4) -- Data:  00  returns 0x01 (0001ms, 2381ms total)
T1CEC 1334:942 JLINK_ReadMemU8(0xE00FFFF8, 0x0001 Items, ...) -- CPU is running -- CPU_ReadMem(1 bytes @ 0xE00FFFF8) -- Data:  00  returns 0x01 (0001ms, 2382ms total)
T1CEC 1334:943 JLINK_ReadMemU8(0xE00FFFFC, 0x0001 Items, ...) -- CPU is running -- CPU_ReadMem(1 bytes @ 0xE00FFFFC) -- Data:  00  returns 0x01 (0000ms, 2382ms total)
T1CEC 1334:943 JLINK_ReadMemU8(0xE00FFFD0, 0x0001 Items, ...) -- CPU is running -- CPU_ReadMem(1 bytes @ 0xE00FFFD0) -- Data:  00  returns 0x01 (0001ms, 2383ms total)
T1CEC 1334:944 JLINK_ReadMemU8(0xE00FFFD4, 0x0001 Items, ...) -- CPU is running -- CPU_ReadMem(1 bytes @ 0xE00FFFD4) -- Data:  00  returns 0x01 (0001ms, 2384ms total)
T1CEC 1334:945 JLINK_ReadMemU8(0xE00FFFD8, 0x0001 Items, ...) -- CPU is running -- CPU_ReadMem(1 bytes @ 0xE00FFFD8) -- Data:  00  returns 0x01 (0000ms, 2384ms total)
T1CEC 1334:945 JLINK_ReadMemU8(0xE00FFFDC, 0x0001 Items, ...) -- CPU is running -- CPU_ReadMem(1 bytes @ 0xE00FFFDC) -- Data:  00  returns 0x01 (0001ms, 2385ms total)
T1CEC 1334:946 JLINK_ReadMemU8(0xE00FFFE0, 0x0001 Items, ...) -- CPU is running -- CPU_ReadMem(1 bytes @ 0xE00FFFE0) -- Data:  00  returns 0x01 (0001ms, 2386ms total)
T1CEC 1334:947 JLINK_ReadMemU8(0xE00FFFE4, 0x0001 Items, ...) -- CPU is running -- CPU_ReadMem(1 bytes @ 0xE00FFFE4) -- Data:  00  returns 0x01 (0000ms, 2386ms total)
T1CEC 1334:947 JLINK_ReadMemU8(0xE00FFFE8, 0x0001 Items, ...) -- CPU is running -- CPU_ReadMem(1 bytes @ 0xE00FFFE8) -- Data:  00  returns 0x01 (0001ms, 2387ms total)
T1CEC 1334:948 JLINK_ReadMemU8(0xE00FFFEC, 0x0001 Items, ...) -- CPU is running -- CPU_ReadMem(1 bytes @ 0xE00FFFEC) -- Data:  00  returns 0x01 (0001ms, 2388ms total)
T1CEC 1334:949 JLINK_ReadMemU32(0x41003004, 0x0001 Items, ...) -- CPU is running -- CPU_ReadMem(4 bytes @ 0x41003004) -- Data:  00 00 00 00  returns 0x01 (0000ms, 2388ms total)
T1CEC 1334:949 JLINK_ReadMem (0x00000000, 0x0004 Bytes, ...) -- CPU is running -- CPU_ReadMem(4 bytes @ 0x00000000) -- Data:  FF FF FF FF  returns 0x00 (0001ms, 2389ms total)
T1CEC 1334:950 JLINK_ReadMem (0x00000000, 0x0004 Bytes, ...) -- CPU is running -- CPU_ReadMem(4 bytes @ 0x00000000) -- Data:  FF FF FF FF  returns 0x00 (0001ms, 2390ms total)
T1CEC 1334:951 JLINK_ReadMem (0x00000028, 0x0004 Bytes, ...) -- CPU is running -- CPU_ReadMem(4 bytes @ 0x00000028) -- Data:  FF FF FF FF  returns 0x00 (0000ms, 2390ms total)
T1CEC 1334:951 JLINK_WriteMem(0x00000028, 0x0004 Bytes, ...) -- Data:  FF FF FF FF  returns 0x04 (0000ms, 2390ms total)
T1CEC 1334:951 JLINK_ReadMem (0x00000028, 0x0004 Bytes, ...) -- Read from flash cache (4 bytes @ 0x00000028) -- Data:  FF FF FF FF  returns 0x00 (0001ms, 2391ms total)
T1CEC 1334:952 JLINK_ReadMem (0x00000038, 0x0004 Bytes, ...) -- CPU is running -- CPU_ReadMem(4 bytes @ 0x00000038) -- Data:  FF FF FF FF  returns 0x00 (0000ms, 2391ms total)
T1CEC 1334:952 JLINK_WriteMem(0x00000038, 0x0004 Bytes, ...) -- Data:  FF FF FF FF  returns 0x04 (0000ms, 2391ms total)
T1CEC 1334:952 JLINK_ReadMem (0x00000038, 0x0004 Bytes, ...) -- Read from flash cache (4 bytes @ 0x00000038) -- Data:  FF FF FF FF  returns 0x00 (0000ms, 2391ms total)
T1CEC 1334:952 JLINK_ReadMem (0x00000048, 0x0004 Bytes, ...) -- CPU is running -- CPU_ReadMem(4 bytes @ 0x00000048) -- Data:  FF FF FF FF  returns 0x00 (0001ms, 2392ms total)
T1CEC 1334:953 JLINK_WriteMem(0x00000048, 0x0004 Bytes, ...) -- Data:  FF FF FF FF  returns 0x04 (0000ms, 2392ms total)
T1CEC 1334:953 JLINK_ReadMem (0x00000048, 0x0004 Bytes, ...) -- Read from flash cache (4 bytes @ 0x00000048) -- Data:  FF FF FF FF  returns 0x00 (0000ms, 2392ms total)
T1CEC 1334:953 JLINK_ReadMem (0x00000058, 0x0004 Bytes, ...) -- CPU is running -- CPU_ReadMem(4 bytes @ 0x00000058) -- Data:  FF FF FF FF  returns 0x00 (0001ms, 2393ms total)
T1CEC 1334:954 JLINK_WriteMem(0x00000058, 0x0004 Bytes, ...) -- Data:  FF FF FF FF  returns 0x04 (0000ms, 2393ms total)
T1CEC 1334:954 JLINK_ReadMem (0x00000058, 0x0004 Bytes, ...) -- Read from flash cache (4 bytes @ 0x00000058) -- Data:  FF FF FF FF  returns 0x00 (0000ms, 2393ms total)
T1CEC 1334:954 JLINK_ReadMem (0x00000068, 0x0004 Bytes, ...) -- CPU is running -- CPU_ReadMem(4 bytes @ 0x00000068) -- Data:  FF FF FF FF  returns 0x00 (0000ms, 2393ms total)
T1CEC 1334:955 JLINK_WriteMem(0x00000068, 0x0004 Bytes, ...) -- Data:  FF FF FF FF  returns 0x04 (0000ms, 2393ms total)
T1CEC 1334:955 JLINK_ReadMem (0x00000068, 0x0004 Bytes, ...) -- Read from flash cache (4 bytes @ 0x00000068) -- Data:  FF FF FF FF  returns 0x00 (0000ms, 2393ms total)
T1CEC 1334:955 JLINK_ReadMem (0x00000078, 0x0004 Bytes, ...) -- CPU is running -- CPU_ReadMem(4 bytes @ 0x00000078) -- Data:  FF FF FF FF  returns 0x00 (0000ms, 2393ms total)
T1CEC 1334:955 JLINK_WriteMem(0x00000078, 0x0004 Bytes, ...) -- Data:  FF FF FF FF  returns 0x04 (0000ms, 2393ms total)
T1CEC 1334:955 JLINK_ReadMem (0x00000078, 0x0004 Bytes, ...) -- Read from flash cache (4 bytes @ 0x00000078) -- Data:  FF FF FF FF  returns 0x00 (0000ms, 2393ms total)
T1CEC 1334:955 JLINK_ReadMem (0x00000088, 0x0004 Bytes, ...) -- CPU is running -- CPU_ReadMem(4 bytes @ 0x00000088) -- Data:  FF FF FF FF  returns 0x00 (0001ms, 2394ms total)
T1CEC 1334:956 JLINK_WriteMem(0x00000088, 0x0004 Bytes, ...) -- Data:  FF FF FF FF  returns 0x04 (0000ms, 2394ms total)
T1CEC 1334:956 JLINK_ReadMem (0x00000088, 0x0004 Bytes, ...) -- Read from flash cache (4 bytes @ 0x00000088) -- Data:  FF FF FF FF  returns 0x00 (0000ms, 2394ms total)
T1CEC 1334:956 JLINK_ReadMem (0x00000098, 0x0004 Bytes, ...) -- CPU is running -- CPU_ReadMem(4 bytes @ 0x00000098) -- Data:  FF FF FF FF  returns 0x00 (0001ms, 2395ms total)
T1CEC 1334:957 JLINK_WriteMem(0x00000098, 0x0004 Bytes, ...) -- Data:  FF FF FF FF  returns 0x04 (0000ms, 2395ms total)
T1CEC 1334:957 JLINK_ReadMem (0x00000098, 0x0004 Bytes, ...) -- Read from flash cache (4 bytes @ 0x00000098) -- Data:  FF FF FF FF  returns 0x00 (0000ms, 2395ms total)
T1CEC 1334:957 JLINK_ReadMem (0x000000A8, 0x0004 Bytes, ...) -- CPU is running -- CPU_ReadMem(4 bytes @ 0x000000A8) -- Data:  FF FF FF FF  returns 0x00 (0001ms, 2396ms total)
T1CEC 1334:958 JLINK_WriteMem(0x000000A8, 0x0004 Bytes, ...) -- Data:  FF FF FF FF  returns 0x04 (0000ms, 2396ms total)
T1CEC 1334:958 JLINK_ReadMem (0x000000A8, 0x0004 Bytes, ...) -- Read from flash cache (4 bytes @ 0x000000A8) -- Data:  FF FF FF FF  returns 0x00 (0000ms, 2396ms total)
T1CEC 1334:958 JLINK_ReadMem (0x000000B8, 0x0004 Bytes, ...) -- CPU is running -- CPU_ReadMem(4 bytes @ 0x000000B8) -- Data:  FF FF FF FF  returns 0x00 (0000ms, 2396ms total)
T1CEC 1334:958 JLINK_WriteMem(0x000000B8, 0x0004 Bytes, ...) -- Data:  FF FF FF FF  returns 0x04 (0001ms, 2397ms total)
T1CEC 1334:959 JLINK_ReadMem (0x000000B8, 0x0004 Bytes, ...) -- Read from flash cache (4 bytes @ 0x000000B8) -- Data:  FF FF FF FF  returns 0x00 (0000ms, 2397ms total)
T1CEC 1334:959 JLINK_ReadMem (0x000000C8, 0x0004 Bytes, ...) -- CPU is running -- CPU_ReadMem(4 bytes @ 0x000000C8) -- Data:  FF FF FF FF  returns 0x00 (0000ms, 2397ms total)
T1CEC 1334:959 JLINK_WriteMem(0x000000C8, 0x0004 Bytes, ...) -- Data:  FF FF FF FF  returns 0x04 (0000ms, 2397ms total)
T1CEC 1334:959 JLINK_ReadMem (0x000000C8, 0x0004 Bytes, ...) -- Read from flash cache (4 bytes @ 0x000000C8) -- Data:  FF FF FF FF  returns 0x00 (0000ms, 2397ms total)
T1CEC 1334:959 JLINK_ReadMem (0x000000D8, 0x0004 Bytes, ...) -- CPU is running -- CPU_ReadMem(4 bytes @ 0x000000D8) -- Data:  FF FF FF FF  returns 0x00 (0001ms, 2398ms total)
T1CEC 1334:960 JLINK_WriteMem(0x000000D8, 0x0004 Bytes, ...) -- Data:  FF FF FF FF  returns 0x04 (0000ms, 2398ms total)
T1CEC 1334:960 JLINK_ReadMem (0x000000D8, 0x0004 Bytes, ...) -- Read from flash cache (4 bytes @ 0x000000D8) -- Data:  FF FF FF FF  returns 0x00 (0000ms, 2398ms total)
T1CEC 1334:960 JLINK_ReadMem (0x000000E8, 0x0004 Bytes, ...) -- CPU is running -- CPU_ReadMem(4 bytes @ 0x000000E8) -- Data:  FF FF FF FF  returns 0x00 (0001ms, 2399ms total)
T1CEC 1334:961 JLINK_WriteMem(0x000000E8, 0x0004 Bytes, ...) -- Data:  FF FF FF FF  returns 0x04 (0000ms, 2399ms total)
T1CEC 1334:961 JLINK_ReadMem (0x000000E8, 0x0004 Bytes, ...) -- Read from flash cache (4 bytes @ 0x000000E8) -- Data:  FF FF FF FF  returns 0x00 (0000ms, 2399ms total)
T1CEC 1334:961 JLINK_ReadMem (0x000000F8, 0x0004 Bytes, ...) -- CPU is running -- CPU_ReadMem(4 bytes @ 0x000000F8) -- Data:  FF FF FF FF  returns 0x00 (0001ms, 2400ms total)
T1CEC 1334:962 JLINK_WriteMem(0x000000F8, 0x0004 Bytes, ...) -- Data:  FF FF FF FF  returns 0x04 (0000ms, 2400ms total)
T1CEC 1334:962 JLINK_ReadMem (0x000000F8, 0x0004 Bytes, ...) -- Read from flash cache (4 bytes @ 0x000000F8) -- Data:  FF FF FF FF  returns 0x00 (0000ms, 2400ms total)
T1CEC 1334:962 JLINK_ReadMem (0x00000108, 0x0004 Bytes, ...) -- CPU is running -- CPU_ReadMem(4 bytes @ 0x00000108) -- Data:  FF FF FF FF  returns 0x00 (0000ms, 2400ms total)
T1CEC 1334:962 JLINK_WriteMem(0x00000108, 0x0004 Bytes, ...) -- Data:  FF FF FF FF  returns 0x04 (0000ms, 2400ms total)
T1CEC 1334:962 JLINK_ReadMem (0x00000108, 0x0004 Bytes, ...) -- Read from flash cache (4 bytes @ 0x00000108) -- Data:  FF FF FF FF  returns 0x00 (0000ms, 2400ms total)
T1CEC 1334:962 JLINK_ReadMem (0x00000024, 0x0004 Bytes, ...) -- CPU is running -- CPU_ReadMem(4 bytes @ 0x00000024) -- Data:  FF FF FF FF  returns 0x00 (0001ms, 2401ms total)
T1CEC 1334:963 JLINK_WriteMem(0x00000024, 0x0004 Bytes, ...) -- Data:  FF FF FF FF  returns 0x04 (0000ms, 2401ms total)
T1CEC 1334:963 JLINK_ReadMem (0x00000024, 0x0004 Bytes, ...) -- Read from flash cache (4 bytes @ 0x00000024) -- Data:  FF FF FF FF  returns 0x00 (0000ms, 2401ms total)
T1CEC 1334:963 JLINK_ReadMem (0x00000034, 0x0004 Bytes, ...) -- CPU is running -- CPU_ReadMem(4 bytes @ 0x00000034) -- Data:  FF FF FF FF  returns 0x00 (0000ms, 2401ms total)
T1CEC 1334:963 JLINK_WriteMem(0x00000034, 0x0004 Bytes, ...) -- Data:  FF FF FF FF  returns 0x04 (0001ms, 2402ms total)
T1CEC 1334:964 JLINK_ReadMem (0x00000034, 0x0004 Bytes, ...) -- Read from flash cache (4 bytes @ 0x00000034) -- Data:  FF FF FF FF  returns 0x00 (0000ms, 2402ms total)
T1CEC 1334:964 JLINK_ReadMem (0x00000044, 0x0004 Bytes, ...) -- CPU is running -- CPU_ReadMem(4 bytes @ 0x00000044) -- Data:  FF FF FF FF  returns 0x00 (0000ms, 2402ms total)
T1CEC 1334:964 JLINK_WriteMem(0x00000044, 0x0004 Bytes, ...) -- Data:  FF FF FF FF  returns 0x04 (0000ms, 2402ms total)
T1CEC 1334:964 JLINK_ReadMem (0x00000044, 0x0004 Bytes, ...) -- Read from flash cache (4 bytes @ 0x00000044) -- Data:  FF FF FF FF  returns 0x00 (0000ms, 2402ms total)
T1CEC 1334:964 JLINK_ReadMem (0x00000054, 0x0004 Bytes, ...) -- CPU is running -- CPU_ReadMem(4 bytes @ 0x00000054) -- Data:  FF FF FF FF  returns 0x00 (0001ms, 2403ms total)
T1CEC 1334:965 JLINK_WriteMem(0x00000054, 0x0004 Bytes, ...) -- Data:  FF FF FF FF  returns 0x04 (0000ms, 2403ms total)
T1CEC 1334:965 JLINK_ReadMem (0x00000054, 0x0004 Bytes, ...) -- Read from flash cache (4 bytes @ 0x00000054) -- Data:  FF FF FF FF  returns 0x00 (0000ms, 2403ms total)
T1CEC 1334:965 JLINK_ReadMem (0x00000064, 0x0004 Bytes, ...) -- CPU is running -- CPU_ReadMem(4 bytes @ 0x00000064) -- Data:  FF FF FF FF  returns 0x00 (0000ms, 2403ms total)
T1CEC 1334:965 JLINK_WriteMem(0x00000064, 0x0004 Bytes, ...) -- Data:  FF FF FF FF  returns 0x04 (0000ms, 2403ms total)
T1CEC 1334:965 JLINK_ReadMem (0x00000064, 0x0004 Bytes, ...) -- Read from flash cache (4 bytes @ 0x00000064) -- Data:  FF FF FF FF  returns 0x00 (0000ms, 2403ms total)
T1CEC 1334:965 JLINK_ReadMem (0x00000074, 0x0004 Bytes, ...) -- CPU is running -- CPU_ReadMem(4 bytes @ 0x00000074) -- Data:  FF FF FF FF  returns 0x00 (0001ms, 2404ms total)
T1CEC 1334:966 JLINK_WriteMem(0x00000074, 0x0004 Bytes, ...) -- Data:  FF FF FF FF  returns 0x04 (0000ms, 2404ms total)
T1CEC 1334:966 JLINK_ReadMem (0x00000074, 0x0004 Bytes, ...) -- Read from flash cache (4 bytes @ 0x00000074) -- Data:  FF FF FF FF  returns 0x00 (0000ms, 2404ms total)
T1CEC 1334:966 JLINK_ReadMem (0x00000084, 0x0004 Bytes, ...) -- CPU is running -- CPU_ReadMem(4 bytes @ 0x00000084) -- Data:  FF FF FF FF  returns 0x00 (0001ms, 2405ms total)
T1CEC 1334:967 JLINK_WriteMem(0x00000084, 0x0004 Bytes, ...) -- Data:  FF FF FF FF  returns 0x04 (0000ms, 2405ms total)
T1CEC 1334:967 JLINK_ReadMem (0x00000084, 0x0004 Bytes, ...) -- Read from flash cache (4 bytes @ 0x00000084) -- Data:  FF FF FF FF  returns 0x00 (0000ms, 2405ms total)
T1CEC 1334:967 JLINK_ReadMem (0x00000094, 0x0004 Bytes, ...) -- CPU is running -- CPU_ReadMem(4 bytes @ 0x00000094) -- Data:  FF FF FF FF  returns 0x00 (0000ms, 2405ms total)
T1CEC 1334:967 JLINK_WriteMem(0x00000094, 0x0004 Bytes, ...) -- Data:  FF FF FF FF  returns 0x04 (0000ms, 2405ms total)
T1CEC 1334:967 JLINK_ReadMem (0x00000094, 0x0004 Bytes, ...) -- Read from flash cache (4 bytes @ 0x00000094) -- Data:  FF FF FF FF  returns 0x00 (0000ms, 2405ms total)
T1CEC 1334:967 JLINK_ReadMem (0x000000A4, 0x0004 Bytes, ...) -- CPU is running -- CPU_ReadMem(4 bytes @ 0x000000A4) -- Data:  FF FF FF FF  returns 0x00 (0001ms, 2406ms total)
T1CEC 1334:968 JLINK_WriteMem(0x000000A4, 0x0004 Bytes, ...) -- Data:  FF FF FF FF  returns 0x04 (0000ms, 2406ms total)
T1CEC 1334:968 JLINK_ReadMem (0x000000A4, 0x0004 Bytes, ...) -- Read from flash cache (4 bytes @ 0x000000A4) -- Data:  FF FF FF FF  returns 0x00 (0000ms, 2406ms total)
T1CEC 1334:968 JLINK_ReadMem (0x000000B4, 0x0004 Bytes, ...) -- CPU is running -- CPU_ReadMem(4 bytes @ 0x000000B4) -- Data:  FF FF FF FF  returns 0x00 (0001ms, 2407ms total)
T1CEC 1334:969 JLINK_WriteMem(0x000000B4, 0x0004 Bytes, ...) -- Data:  FF FF FF FF  returns 0x04 (0000ms, 2407ms total)
T1CEC 1334:969 JLINK_ReadMem (0x000000B4, 0x0004 Bytes, ...) -- Read from flash cache (4 bytes @ 0x000000B4) -- Data:  FF FF FF FF  returns 0x00 (0000ms, 2407ms total)
T1CEC 1334:969 JLINK_ReadMem (0x000000C4, 0x0004 Bytes, ...) -- CPU is running -- CPU_ReadMem(4 bytes @ 0x000000C4) -- Data:  FF FF FF FF  returns 0x00 (0000ms, 2407ms total)
T1CEC 1334:969 JLINK_WriteMem(0x000000C4, 0x0004 Bytes, ...) -- Data:  FF FF FF FF  returns 0x04 (0000ms, 2407ms total)
T1CEC 1334:969 JLINK_ReadMem (0x000000C4, 0x0004 Bytes, ...) -- Read from flash cache (4 bytes @ 0x000000C4) -- Data:  FF FF FF FF  returns 0x00 (0000ms, 2407ms total)
T1CEC 1334:969 JLINK_ReadMem (0x000000D4, 0x0004 Bytes, ...) -- CPU is running -- CPU_ReadMem(4 bytes @ 0x000000D4) -- Data:  FF FF FF FF  returns 0x00 (0001ms, 2408ms total)
T1CEC 1334:970 JLINK_WriteMem(0x000000D4, 0x0004 Bytes, ...) -- Data:  FF FF FF FF  returns 0x04 (0000ms, 2408ms total)
T1CEC 1334:970 JLINK_ReadMem (0x000000D4, 0x0004 Bytes, ...) -- Read from flash cache (4 bytes @ 0x000000D4) -- Data:  FF FF FF FF  returns 0x00 (0000ms, 2408ms total)
T1CEC 1334:970 JLINK_ReadMem (0x000000E4, 0x0004 Bytes, ...) -- CPU is running -- CPU_ReadMem(4 bytes @ 0x000000E4) -- Data:  FF FF FF FF  returns 0x00 (0001ms, 2409ms total)
T1CEC 1334:971 JLINK_WriteMem(0x000000E4, 0x0004 Bytes, ...) -- Data:  FF FF FF FF  returns 0x04 (0000ms, 2409ms total)
T1CEC 1334:971 JLINK_ReadMem (0x000000E4, 0x0004 Bytes, ...) -- Read from flash cache (4 bytes @ 0x000000E4) -- Data:  FF FF FF FF  returns 0x00 (0000ms, 2409ms total)
T1CEC 1334:971 JLINK_ReadMem (0x000000F4, 0x0004 Bytes, ...) -- CPU is running -- CPU_ReadMem(4 bytes @ 0x000000F4) -- Data:  FF FF FF FF  returns 0x00 (0000ms, 2409ms total)
T1CEC 1334:971 JLINK_WriteMem(0x000000F4, 0x0004 Bytes, ...) -- Data:  FF FF FF FF  returns 0x04 (0000ms, 2409ms total)
T1CEC 1334:971 JLINK_ReadMem (0x000000F4, 0x0004 Bytes, ...) -- Read from flash cache (4 bytes @ 0x000000F4) -- Data:  FF FF FF FF  returns 0x00 (0000ms, 2409ms total)
T1CEC 1334:971 JLINK_ReadMem (0x00000104, 0x0004 Bytes, ...) -- CPU is running -- CPU_ReadMem(4 bytes @ 0x00000104) -- Data:  FF FF FF FF  returns 0x00 (0001ms, 2410ms total)
T1CEC 1334:972 JLINK_WriteMem(0x00000104, 0x0004 Bytes, ...) -- Data:  FF FF FF FF  returns 0x04 (0000ms, 2410ms total)
T1CEC 1334:972 JLINK_ReadMem (0x00000104, 0x0004 Bytes, ...) -- Read from flash cache (4 bytes @ 0x00000104) -- Data:  FF FF FF FF  returns 0x00 (0000ms, 2410ms total)
T1CEC 1334:972 JLINK_ReadMem (0x00000028, 0x0004 Bytes, ...) -- Read from flash cache (4 bytes @ 0x00000028) -- Data:  FF FF FF FF  returns 0x00 (0000ms, 2410ms total)
T1CEC 1334:972 JLINK_ReadMem (0x00000038, 0x0004 Bytes, ...) -- Read from flash cache (4 bytes @ 0x00000038) -- Data:  FF FF FF FF  returns 0x00 (0000ms, 2410ms total)
T1CEC 1334:972 JLINK_ReadMem (0x00000048, 0x0004 Bytes, ...) -- Read from flash cache (4 bytes @ 0x00000048) -- Data:  FF FF FF FF  returns 0x00 (0000ms, 2410ms total)
T1CEC 1334:972 JLINK_ReadMem (0x00000058, 0x0004 Bytes, ...) -- Read from flash cache (4 bytes @ 0x00000058) -- Data:  FF FF FF FF  returns 0x00 (0000ms, 2410ms total)
T1CEC 1334:972 JLINK_ReadMem (0x00000068, 0x0004 Bytes, ...) -- Read from flash cache (4 bytes @ 0x00000068) -- Data:  FF FF FF FF  returns 0x00 (0000ms, 2410ms total)
T1CEC 1334:972 JLINK_ReadMem (0x00000078, 0x0004 Bytes, ...) -- Read from flash cache (4 bytes @ 0x00000078) -- Data:  FF FF FF FF  returns 0x00 (0000ms, 2410ms total)
T1CEC 1334:972 JLINK_ReadMem (0x00000088, 0x0004 Bytes, ...) -- Read from flash cache (4 bytes @ 0x00000088) -- Data:  FF FF FF FF  returns 0x00 (0000ms, 2410ms total)
T1CEC 1334:972 JLINK_ReadMem (0x00000098, 0x0004 Bytes, ...) -- Read from flash cache (4 bytes @ 0x00000098) -- Data:  FF FF FF FF  returns 0x00 (0000ms, 2410ms total)
T1CEC 1334:972 JLINK_ReadMem (0x000000A8, 0x0004 Bytes, ...) -- Read from flash cache (4 bytes @ 0x000000A8) -- Data:  FF FF FF FF  returns 0x00 (0000ms, 2410ms total)
T1CEC 1334:972 JLINK_ReadMem (0x000000B8, 0x0004 Bytes, ...) -- Read from flash cache (4 bytes @ 0x000000B8) -- Data:  FF FF FF FF  returns 0x00 (0000ms, 2410ms total)
T1CEC 1334:972 JLINK_ReadMem (0x000000C8, 0x0004 Bytes, ...) -- Read from flash cache (4 bytes @ 0x000000C8) -- Data:  FF FF FF FF  returns 0x00 (0000ms, 2410ms total)
T1CEC 1334:972 JLINK_ReadMem (0x000000D8, 0x0004 Bytes, ...) -- Read from flash cache (4 bytes @ 0x000000D8) -- Data:  FF FF FF FF  returns 0x00 (0000ms, 2410ms total)
T1CEC 1334:972 JLINK_ReadMem (0x000000E8, 0x0004 Bytes, ...) -- Read from flash cache (4 bytes @ 0x000000E8) -- Data:  FF FF FF FF  returns 0x00 (0000ms, 2410ms total)
T1CEC 1334:972 JLINK_ReadMem (0x000000F8, 0x0004 Bytes, ...) -- Read from flash cache (4 bytes @ 0x000000F8) -- Data:  FF FF FF FF  returns 0x00 (0000ms, 2410ms total)
T1CEC 1334:972 JLINK_ReadMem (0x00000108, 0x0004 Bytes, ...) -- Read from flash cache (4 bytes @ 0x00000108) -- Data:  FF FF FF FF  returns 0x00 (0000ms, 2410ms total)
T1CEC 1334:972 JLINK_WriteMem(0x00000020, 0x0004 Bytes, ...) -- Data:  00 00 00 00  returns 0x04 (0000ms, 2410ms total)
T1CEC 1334:972 JLINK_WriteMem(0x00000024, 0x0004 Bytes, ...) -- Data:  00 00 00 00  returns 0x04 (0000ms, 2410ms total)
T1CEC 1334:972 JLINK_WriteMem(0x00000028, 0x0004 Bytes, ...) -- Data:  00 00 00 00  returns 0x04 (0000ms, 2410ms total)
T1CEC 1334:972 JLINK_WriteMem(0x00000030, 0x0004 Bytes, ...) -- Data:  00 00 00 00  returns 0x04 (0000ms, 2410ms total)
T1CEC 1334:972 JLINK_WriteMem(0x00000034, 0x0004 Bytes, ...) -- Data:  00 00 00 00  returns 0x04 (0000ms, 2410ms total)
T1CEC 1334:972 JLINK_WriteMem(0x00000038, 0x0004 Bytes, ...) -- Data:  00 00 00 00  returns 0x04 (0000ms, 2410ms total)
T1CEC 1334:972 JLINK_WriteMem(0x00000040, 0x0004 Bytes, ...) -- Data:  00 00 00 00  returns 0x04 (0000ms, 2410ms total)
T1CEC 1334:972 JLINK_WriteMem(0x00000044, 0x0004 Bytes, ...) -- Data:  00 00 00 00  returns 0x04 (0000ms, 2410ms total)
T1CEC 1334:972 JLINK_WriteMem(0x00000048, 0x0004 Bytes, ...) -- Data:  00 00 00 00  returns 0x04 (0000ms, 2410ms total)
T1CEC 1334:972 JLINK_WriteMem(0x00000050, 0x0004 Bytes, ...) -- Data:  00 00 00 00  returns 0x04 (0000ms, 2410ms total)
T1CEC 1334:972 JLINK_WriteMem(0x00000054, 0x0004 Bytes, ...) -- Data:  00 00 00 00  returns 0x04 (0000ms, 2410ms total)
T1CEC 1334:972 JLINK_WriteMem(0x00000058, 0x0004 Bytes, ...) -- Data:  00 00 00 00  returns 0x04 (0000ms, 2410ms total)
T1CEC 1334:972 JLINK_WriteMem(0x00000060, 0x0004 Bytes, ...) -- Data:  00 00 00 00  returns 0x04 (0000ms, 2410ms total)
T1CEC 1334:972 JLINK_WriteMem(0x00000064, 0x0004 Bytes, ...) -- Data:  00 00 00 00  returns 0x04 (0000ms, 2410ms total)
T1CEC 1334:972 JLINK_WriteMem(0x00000068, 0x0004 Bytes, ...) -- Data:  00 00 00 00  returns 0x04 (0001ms, 2411ms total)
T1CEC 1334:973 JLINK_WriteMem(0x00000070, 0x0004 Bytes, ...) -- Data:  00 00 00 00  returns 0x04 (0000ms, 2411ms total)
T1CEC 1334:973 JLINK_WriteMem(0x00000074, 0x0004 Bytes, ...) -- Data:  00 00 00 00  returns 0x04 (0000ms, 2411ms total)
T1CEC 1334:973 JLINK_WriteMem(0x00000078, 0x0004 Bytes, ...) -- Data:  00 00 00 00  returns 0x04 (0000ms, 2411ms total)
T1CEC 1334:973 JLINK_WriteMem(0x00000080, 0x0004 Bytes, ...) -- Data:  00 00 00 00  returns 0x04 (0000ms, 2411ms total)
T1CEC 1334:973 JLINK_WriteMem(0x00000084, 0x0004 Bytes, ...) -- Data:  00 00 00 00  returns 0x04 (0000ms, 2411ms total)
T1CEC 1334:973 JLINK_WriteMem(0x00000088, 0x0004 Bytes, ...) -- Data:  00 00 00 00  returns 0x04 (0000ms, 2411ms total)
T1CEC 1334:973 JLINK_WriteMem(0x00000090, 0x0004 Bytes, ...) -- Data:  00 00 00 00  returns 0x04 (0000ms, 2411ms total)
T1CEC 1334:973 JLINK_WriteMem(0x00000094, 0x0004 Bytes, ...) -- Data:  00 00 00 00  returns 0x04 (0000ms, 2411ms total)
T1CEC 1334:973 JLINK_WriteMem(0x00000098, 0x0004 Bytes, ...) -- Data:  00 00 00 00  returns 0x04 (0000ms, 2411ms total)
T1CEC 1334:973 JLINK_WriteMem(0x000000A0, 0x0004 Bytes, ...) -- Data:  00 00 00 00  returns 0x04 (0000ms, 2411ms total)
T1CEC 1334:973 JLINK_WriteMem(0x000000A4, 0x0004 Bytes, ...) -- Data:  00 00 00 00  returns 0x04 (0000ms, 2411ms total)
T1CEC 1334:973 JLINK_WriteMem(0x000000A8, 0x0004 Bytes, ...) -- Data:  00 00 00 00  returns 0x04 (0000ms, 2411ms total)
T1CEC 1334:973 JLINK_WriteMem(0x000000B0, 0x0004 Bytes, ...) -- Data:  00 00 00 00  returns 0x04 (0000ms, 2411ms total)
T1CEC 1334:973 JLINK_WriteMem(0x000000B4, 0x0004 Bytes, ...) -- Data:  00 00 00 00  returns 0x04 (0000ms, 2411ms total)
T1CEC 1334:973 JLINK_WriteMem(0x000000B8, 0x0004 Bytes, ...) -- Data:  00 00 00 00  returns 0x04 (0000ms, 2411ms total)
T1CEC 1334:973 JLINK_WriteMem(0x000000C0, 0x0004 Bytes, ...) -- Data:  00 00 00 00  returns 0x04 (0000ms, 2411ms total)
T1CEC 1334:973 JLINK_WriteMem(0x000000C4, 0x0004 Bytes, ...) -- Data:  00 00 00 00  returns 0x04 (0000ms, 2411ms total)
T1CEC 1334:973 JLINK_WriteMem(0x000000C8, 0x0004 Bytes, ...) -- Data:  00 00 00 00  returns 0x04 (0000ms, 2411ms total)
T1CEC 1334:973 JLINK_WriteMem(0x000000D0, 0x0004 Bytes, ...) -- Data:  00 00 00 00  returns 0x04 (0000ms, 2411ms total)
T1CEC 1334:973 JLINK_WriteMem(0x000000D4, 0x0004 Bytes, ...) -- Data:  00 00 00 00  returns 0x04 (0000ms, 2411ms total)
T1CEC 1334:973 JLINK_WriteMem(0x000000D8, 0x0004 Bytes, ...) -- Data:  00 00 00 00  returns 0x04 (0000ms, 2411ms total)
T1CEC 1334:973 JLINK_WriteMem(0x000000E0, 0x0004 Bytes, ...) -- Data:  00 00 00 00  returns 0x04 (0000ms, 2411ms total)
T1CEC 1334:973 JLINK_WriteMem(0x000000E4, 0x0004 Bytes, ...) -- Data:  00 00 00 00  returns 0x04 (0000ms, 2411ms total)
T1CEC 1334:973 JLINK_WriteMem(0x000000E8, 0x0004 Bytes, ...) -- Data:  00 00 00 00  returns 0x04 (0000ms, 2411ms total)
T1CEC 1334:973 JLINK_WriteMem(0x000000F0, 0x0004 Bytes, ...) -- Data:  00 00 00 00  returns 0x04 (0000ms, 2411ms total)
T1CEC 1334:973 JLINK_WriteMem(0x000000F4, 0x0004 Bytes, ...) -- Data:  00 00 00 00  returns 0x04 (0000ms, 2411ms total)
T1CEC 1334:973 JLINK_WriteMem(0x000000F8, 0x0004 Bytes, ...) -- Data:  00 00 00 00  returns 0x04 (0000ms, 2411ms total)
T1CEC 1334:973 JLINK_WriteMem(0x00000100, 0x0004 Bytes, ...) -- Data:  00 00 00 00  returns 0x04 (0000ms, 2411ms total)
T1CEC 1334:973 JLINK_WriteMem(0x00000104, 0x0004 Bytes, ...) -- Data:  00 00 00 00  returns 0x04 (0000ms, 2411ms total)
T1CEC 1334:973 JLINK_WriteMem(0x00000108, 0x0004 Bytes, ...) -- Data:  00 00 00 00  returns 0x04 (0000ms, 2411ms total)
T1CEC 1334:973 JLINK_WriteVectorCatch(0x00000001) -- -------------------------------------- -- Start of determining dirty areas -- End of determining dirty areas -- Start of preparing flash programming -- Calculating RAM usage -- RAM usage = 2236 Bytes -- Preserving registers -- Preparing memory -- Determining CPU clock frequency -- CPU clock frequency: 1318 kHz -- CPU frequency = 1318 kHz -- Preparing target -- Downloading RAMCode -- Using alternate TurboMode RAMCode -- Checking target RAM
 -- Preparing RAMCode -- End of preparing flash programmingCPU is running at very low speed (1318 kHz). Readback will be performed instead of CRC calculation. -- CPU is running at 1318 kHz. -- Start of comparing flash -- CRC check was estimated as fastest method -- Comparing range 0x0000 - 0x01FF (2 Sectors, 512 Bytes), using multi-block CRC calculation -- CRC does not match for sectors 0-1 -- End of comparing flash -- Start of erasing sectors -- End of erasing sectors -- Start of flash programming
 -- Programming range 0x00000000 - 0x000001FF (  2 Sectors, 512 Bytes) -- End of flash programming -- Flash programming performed for 1 range (512 bytes) -- 0x0000 - 0x01FF (002 Sectors, 512 Bytes) -- Start of verifying flash -- Checksum calculation was estimated as fastest method -- End of verifying flash -- Start of restoring -- Restore RAMCode -- Restore content of target memory -- Restore target -- Restore memory -- Restore content of registers -- End of restoring
 -- Total time needed: 0.136s (Prepare: 0.109s, Compare: 0.002s, Erase: 0.000s, Program: 0.016s, Verify: 0.000s, Restore: 0.007s) -- CPU_ReadMem(4 bytes @ 0xE000EDFC) -- CPU_WriteMem(4 bytes @ 0xE000EDFC)  returns 0x00 (0139ms, 2550ms total)
T1CEC 1335:112 JLINK_Reset() -- CPU_ReadMem(4 bytes @ 0x2000064C) -- CPU_WriteMem(4 bytes @ 0x2000064C) -- CPU_WriteMem(4 bytes @ 0xE000ED0C) -- CPU is running -- CPU_ReadMem(4 bytes @ 0xE000EDF0) -- CPU is running -- CPU_ReadMem(4 bytes @ 0xE000EDFC) -- CPU is running -- CPU_WriteMem(4 bytes @ 0xE000EDFC) -- CPU is running -- CPU_WriteMem(4 bytes @ 0x41002100) -- CPU is running -- CPU_ReadMem(4 bytes @ 0x41002100) -- CPU is running -- CPU_ReadMem(4 bytes @ 0xE000EDFC) -- CPU is running
 -- CPU_WriteMem(4 bytes @ 0xE000EDFC) -- CPU_WriteMem(4 bytes @ 0xE0002000) -- CPU_ReadMem(4 bytes @ 0xE000EDFC) -- CPU_ReadMem(4 bytes @ 0xE0001000) -- CPU_WriteMem(4 bytes @ 0xE0001000) (0014ms, 2564ms total)
T1CEC 1335:126 JLINK_JTAG_GetDeviceID(DeviceIndex = 0)  returns 0x00 (0000ms, 2564ms total)
T1CEC 1335:126 JLINK_ReadMemU32(0x41002018, 0x0001 Items, ...) -- CPU_ReadMem(4 bytes @ 0x41002018) -- Data:  06 12 00 10  returns 0x01 (0000ms, 2564ms total)
T1CEC 1335:128 JLINK_ReadMemHW(0x00002F00, 0x0100 Bytes, ...) -- CPU_ReadMem(256 bytes @ 0x00002F00) -- Data:  FF FF FF FF FF FF FF FF FF FF FF FF FF FF FF FF ...  returns 0x00 (0004ms, 2568ms total)
T1CEC 1335:132 JLINK_ReadMemHW(0x00003000, 0x0100 Bytes, ...) -- CPU_ReadMem(256 bytes @ 0x00003000) -- Data:  FF FF FF FF FF FF FF FF FF FF FF FF FF FF FF FF ...  returns 0x00 (0005ms, 2573ms total)
T1CEC 1335:138 JLINK_BeginDownload(Flags = 0x00) (0000ms, 2573ms total)
T1CEC 1335:138 JLINK_WriteMem(0x00000000, 0x0100 Bytes, ...) -- Data:  80 14 00 20 FD 0F 00 00 F9 0F 00 00 F9 0F 00 00 ...  returns 0x100 (0000ms, 2573ms total)
T1CEC 1335:138 JLINK_WriteMem(0x00000100, 0x0100 Bytes, ...) -- Data:  09 D1 FF F7 CF FF 05 4B 00 2B 02 D0 04 48 00 E0 ...  returns 0x100 (0000ms, 2573ms total)
T1CEC 1335:138 JLINK_WriteMem(0x00000200, 0x0100 Bytes, ...) -- Data:  00 44 00 41 10 B5 38 4A 38 4B 5A 80 1A 1C 13 68 ...  returns 0x100 (0000ms, 2573ms total)
T1CEC 1335:138 JLINK_WriteMem(0x00000300, 0x0100 Bytes, ...) -- Data:  0A 4B 1B 7D 00 2B 0F D1 08 4A 53 68 12 68 93 42 ...  returns 0x100 (0000ms, 2573ms total)
T1CEC 1335:138 JLINK_WriteMem(0x00000400, 0x0100 Bytes, ...) -- Data:  19 04 FC D4 10 4B 02 22 5A 73 15 4A 5A 81 1A 1C ...  returns 0x100 (0000ms, 2573ms total)
T1CEC 1335:138 JLINK_WriteMem(0x00000500, 0x0100 Bytes, ...) -- Data:  9A 80 1A 1C 93 69 19 04 FC D4 11 4B 1A 68 D2 B2 ...  returns 0x100 (0000ms, 2573ms total)
T1CEC 1335:138 JLINK_WriteMem(0x00000600, 0x0100 Bytes, ...) -- Data:  D9 06 00 00 00 00 00 20 00 20 70 47 08 B5 02 4B ...  returns 0x100 (0000ms, 2573ms total)
T1CEC 1335:138 JLINK_WriteMem(0x00000700, 0x0100 Bytes, ...) -- Data:  99 B2 38 4A 13 68 01 33 13 60 09 2B 05 DD 36 4B ...  returns 0x100 (0000ms, 2573ms total)
T1CEC 1335:138 JLINK_WriteMem(0x00000800, 0x0100 Bytes, ...) -- Data:  59 09 00 00 E5 09 00 00 B5 09 00 00 09 06 00 00 ...  returns 0x100 (0000ms, 2573ms total)
T1CEC 1335:138 JLINK_WriteMem(0x00000900, 0x0100 Bytes, ...) -- Data:  0B 48 0C 49 00 22 02 23 A0 47 E0 22 92 01 0A 4B ...  returns 0x100 (0000ms, 2573ms total)
T1CEC 1335:138 JLINK_WriteMem(0x00000A00, 0x0100 Bytes, ...) -- Data:  FF 20 02 2B 15 DC 58 00 C0 18 80 00 09 4A 82 5C ...  returns 0x100 (0000ms, 2573ms total)
T1CEC 1335:138 JLINK_WriteMem(0x00000B00, 0x0100 Bytes, ...) -- Data:  A0 00 00 20 08 4B 1A 68 01 3A 1A 60 1B 68 00 2B ...  returns 0x100 (0000ms, 2573ms total)
T1CEC 1335:138 JLINK_WriteMem(0x00000C00, 0x0100 Bytes, ...) -- Data:  04 22 0A 43 1A 60 10 BD 00 20 00 41 A4 00 00 20 ...  returns 0x100 (0000ms, 2573ms total)
T1CEC 1335:138 JLINK_WriteMem(0x00000D00, 0x0100 Bytes, ...) -- Data:  19 82 04 21 19 70 5A 70 37 4B 9B 69 1B 05 1B 0F ...  returns 0x100 (0000ms, 2573ms total)
T1CEC 1335:138 JLINK_WriteMem(0x00000E00, 0x0100 Bytes, ...) -- Data:  35 0E 00 00 E5 0E 00 00 25 0F 00 00 00 04 00 40 ...  returns 0x100 (0000ms, 2573ms total)
T1CEC 1335:138 JLINK_WriteMem(0x00000F00, 0x0100 Bytes, ...) -- Data:  04 4B 59 68 80 22 52 02 0A 43 5A 60 04 4B 98 47 ...  returns 0x100 (0000ms, 2573ms total)
T1CEC 1335:138 JLINK_WriteMem(0x00001000, 0x0100 Bytes, ...) -- Data:  1C 4A 9A 42 03 D0 1C 4B 19 4A 9A 42 04 D3 1B 4B ...  returns 0x100 (0000ms, 2573ms total)
T1CEC 1335:139 JLINK_WriteMem(0x00001100, 0x0100 Bytes, ...) -- Data:  0A 4B 98 47 00 22 08 4B 1A 70 E4 E7 D5 0F 00 00 ...  returns 0x100 (0000ms, 2573ms total)
T1CEC 1335:139 JLINK_WriteMem(0x00001200, 0x0100 Bytes, ...) -- Data:  02 48 02 A1 40 18 02 90 03 BD C0 46 19 00 00 00 ...  returns 0x100 (0000ms, 2573ms total)
T1CEC 1335:139 JLINK_WriteMem(0x00001300, 0x0100 Bytes, ...) -- Data:  01 22 89 46 93 46 C0 E7 22 1C 53 1E 9A 41 02 32 ...  returns 0x100 (0000ms, 2573ms total)
T1CEC 1335:139 JLINK_WriteMem(0x00001400, 0x0100 Bytes, ...) -- Data:  0B 40 FF 22 00 26 AB E7 06 43 76 02 76 0A 43 46 ...  returns 0x100 (0000ms, 2573ms total)
T1CEC 1335:139 JLINK_WriteMem(0x00001500, 0x0100 Bytes, ...) -- Data:  9B 01 5B 0A 5B 02 E4 B2 E4 05 58 0A D2 07 20 43 ...  returns 0x100 (0000ms, 2573ms total)
T1CEC 1335:139 JLINK_WriteMem(0x00001600, 0x0100 Bytes, ...) -- Data:  23 D5 EF 1A 0E 1C 9A E7 00 23 7B E7 5E 4B A4 1A ...  returns 0x100 (0000ms, 2573ms total)
T1CEC 1335:139 JLINK_WriteMem(0x00001700, 0x0100 Bytes, ...) -- Data:  EC E6 80 22 DB 08 D2 03 13 42 04 D0 ED 08 15 42 ...  returns 0x100 (0000ms, 2573ms total)
T1CEC 1335:139 JLINK_WriteMem(0x00001800, 0x0100 Bytes, ...) -- Data:  D1 40 0A 1C 01 1C 1B 31 8C 40 61 1E 8C 41 14 43 ...  returns 0x100 (0000ms, 2573ms total)
T1CEC 1335:139 JLINK_WriteMem(0x00001900, 0x0100 Bytes, ...) -- Data:  51 4E A4 00 34 59 A7 46 53 46 1C 43 00 D0 87 E0 ...  returns 0x100 (0000ms, 2573ms total)
T1CEC 1335:139 JLINK_WriteMem(0x00001A00, 0x0100 Bytes, ...) -- Data:  00 24 99 46 A0 46 0E 4B 97 E7 00 27 BB 46 00 22 ...  returns 0x100 (0000ms, 2573ms total)
T1CEC 1335:139 JLINK_WriteMem(0x00001B00, 0x0100 Bytes, ...) -- Data:  D1 44 46 43 4A 45 02 D9 80 22 52 02 B6 18 4F 46 ...  returns 0x100 (0000ms, 2573ms total)
T1CEC 1335:139 JLINK_WriteMem(0x00001C00, 0x0100 Bytes, ...) -- Data:  04 32 42 45 80 41 40 42 82 44 90 46 55 46 ED 01 ...  returns 0x100 (0000ms, 2573ms total)
T1CEC 1335:139 JLINK_WriteMem(0x00001D00, 0x0100 Bytes, ...) -- Data:  92 41 52 42 9B 18 02 1C 1D 02 1A D5 01 23 0B 40 ...  returns 0x100 (0000ms, 2573ms total)
T1CEC 1335:139 JLINK_WriteMem(0x00001E00, 0x0100 Bytes, ...) -- Data:  40 05 09 0B 40 0D D4 E7 00 2C 03 D0 64 07 09 0B ...  returns 0x100 (0000ms, 2573ms total)
T1CEC 1335:139 JLINK_WriteMem(0x00001F00, 0x0100 Bytes, ...) -- Data:  28 1C 9F 40 98 40 3B 1C 5A 1E 93 41 18 43 CE 40 ...  returns 0x100 (0000ms, 2573ms total)
T1CEC 1335:139 JLINK_WriteMem(0x00002000, 0x0100 Bytes, ...) -- Data:  4A 02 43 02 70 B5 5C 0A 55 0A 43 00 4A 00 1B 0E ...  returns 0x100 (0000ms, 2573ms total)
T1CEC 1335:139 JLINK_WriteMem(0x00002100, 0x0100 Bytes, ...) -- Data:  0F D0 00 2A 14 D1 94 46 6F 42 6F 41 60 46 00 28 ...  returns 0x100 (0000ms, 2573ms total)
T1CEC 1335:139 JLINK_WriteMem(0x00002200, 0x0100 Bytes, ...) -- Data:  B9 46 3F 01 B8 46 10 27 FF 18 BC 46 46 46 1A 1C ...  returns 0x100 (0000ms, 2573ms total)
T1CEC 1335:139 JLINK_WriteMem(0x00002300, 0x0100 Bytes, ...) -- Data:  E0 B4 8D 68 80 46 0C 1C 17 1C 1E 1C 9D 42 16 D8 ...  returns 0x100 (0000ms, 2573ms total)
T1CEC 1335:139 JLINK_WriteMem(0x00002400, 0x0100 Bytes, ...) -- Data:  1F 1C 9C 42 4B D3 90 22 AB 89 D2 00 13 42 49 D0 ...  returns 0x100 (0000ms, 2573ms total)
T1CEC 1335:139 JLINK_WriteMem(0x00002500, 0x0100 Bytes, ...) -- Data:  F0 B5 5F 46 56 46 4D 46 44 46 F0 B4 9F B0 05 93 ...  returns 0x100 (0000ms, 2573ms total)
T1CEC 1335:139 JLINK_WriteMem(0x00002600, 0x0100 Bytes, ...) -- Data:  28 60 21 78 58 46 06 22 67 1C 29 76 00 F0 64 FA ...  returns 0x100 (0000ms, 2573ms total)
T1CEC 1335:139 JLINK_WriteMem(0x00002700, 0x0100 Bytes, ...) -- Data:  6B 60 DF E7 40 21 00 F0 05 FB 03 9B 18 60 18 61 ...  returns 0x100 (0000ms, 2573ms total)
T1CEC 1335:139 JLINK_WriteMem(0x00002800, 0x0100 Bytes, ...) -- Data:  81 46 04 2B 26 D0 A2 68 23 69 9A 42 1D DC 1A 34 ...  returns 0x100 (0000ms, 2573ms total)
T1CEC 1335:139 JLINK_WriteMem(0x00002900, 0x0100 Bytes, ...) -- Data:  00 22 43 23 E2 54 63 68 A3 60 00 2B 5B DB 21 68 ...  returns 0x100 (0000ms, 2573ms total)
T1CEC 1335:139 JLINK_WriteMem(0x00002A00, 0x0100 Bytes, ...) -- Data:  33 70 8F E7 64 2B 01 D0 69 2B 33 D1 23 68 19 06 ...  returns 0x100 (0000ms, 2573ms total)
T1CEC 1335:139 JLINK_WriteMem(0x00002B00, 0x0100 Bytes, ...) -- Data:  F6 D1 03 2B 11 D8 00 2B 0D D0 02 78 A2 42 0B D0 ...  returns 0x100 (0000ms, 2573ms total)
T1CEC 1335:139 JLINK_WriteMem(0x00002C00, 0x0100 Bytes, ...) -- Data:  F9 D2 F0 BD 0F 2A 09 D8 05 1C 00 2A F9 D0 00 23 ...  returns 0x100 (0000ms, 2573ms total)
T1CEC 1335:139 JLINK_WriteMem(0x00002D00, 0x0100 Bytes, ...) -- Data:  1C 68 5B 68 00 19 08 60 4B 60 51 60 CD E7 C0 46 ...  returns 0x100 (0000ms, 2573ms total)
T1CEC 1335:139 JLINK_WriteMem(0x00002E00, 0x0100 Bytes, ...) -- Data:  FF F7 40 FF 3C 1C ED E7 00 24 EB E7 FF F7 3A FF ...  returns 0x100 (0000ms, 2573ms total)
T1CEC 1335:139 JLINK_WriteMem(0x00002F00, 0x0100 Bytes, ...) -- Data:  1C 19 00 00 1C 19 00 00 1C 19 00 00 4E 1C 00 00 ...  returns 0x100 (0000ms, 2573ms total)
T1CEC 1335:139 JLINK_WriteMem(0x00003000, 0x0100 Bytes, ...) -- Data:  10 2F 00 00 00 00 00 00 00 00 00 00 00 00 00 00 ...  returns 0x100 (0000ms, 2573ms total)
T1CEC 1335:183 JLINK_EndDownload() -- -------------------------------------- -- Start of determining dirty areas -- End of determining dirty areas -- Start of preparing flash programming -- Calculating RAM usage -- RAM usage = 2748 Bytes -- Preserving registers -- Preparing memory -- Determining CPU clock frequency -- CPU clock frequency: 1319 kHz -- CPU frequency = 1319 kHz -- Preparing target -- Preserving target memory used for RAMCode and buffer -- Downloading RAMCode -- Preparing RAMCode
 -- End of preparing flash programmingCPU is running at very low speed (1319 kHz). Readback will be performed instead of CRC calculation. -- CPU is running at 1319 kHz. -- Start of comparing flash -- CRC check was estimated as fastest method -- Comparing range 0x0000 - 0x0FFF (16 Sectors, 4 KB), using multi-block CRC calculation -- CRC does not match for sectors 0-15 -- Comparing range 0x1000 - 0x1FFF (16 Sectors, 4 KB), using multi-block CRC calculation -- CRC does not match for sectors 0-15
 -- Comparing range 0x2000 - 0x2FFF (16 Sectors, 4 KB), using multi-block CRC calculation -- CRC does not match for sectors 0-15 -- Comparing range 0x3000 - 0x30FF (1 Sector, 256 Bytes), using multi-block CRC calculation -- CRC does not match for sector 0 -- End of comparing flash -- Start of erasing sectors -- Erasing range 0x00000000 - 0x000001FF (  2 Sectors, 512 Bytes) -- End of erasing sectors -- Start of flash programming -- Programming range 0x00000000 - 0x000003FF (  4 Sectors, 1024 Bytes)
 -- Programming range 0x00000400 - 0x000007FF (  4 Sectors, 1024 Bytes) -- Programming range 0x00000800 - 0x00000BFF (  4 Sectors, 1024 Bytes) -- Programming range 0x00000C00 - 0x00000FFF (  4 Sectors, 1024 Bytes) -- Programming range 0x00001000 - 0x000013FF (  4 Sectors, 1024 Bytes) -- Programming range 0x00001400 - 0x000017FF (  4 Sectors, 1024 Bytes) -- Programming range 0x00001800 - 0x00001BFF (  4 Sectors, 1024 Bytes) -- Programming range 0x00001C00 - 0x00001FFF (  4 Sectors, 1024 Bytes)
 -- Programming range 0x00002000 - 0x000023FF (  4 Sectors, 1024 Bytes) -- Programming range 0x00002400 - 0x000027FF (  4 Sectors, 1024 Bytes) -- Programming range 0x00002800 - 0x00002BFF (  4 Sectors, 1024 Bytes) -- Programming range 0x00002C00 - 0x00002FFF (  4 Sectors, 1024 Bytes) -- Programming range 0x00003000 - 0x000030FF (  1 Sector, 256 Bytes) -- End of flash programming -- Flash programming performed for 1 range (12544 bytes) -- 0x0000 - 0x30FF (049 Sectors, 12 KB) -- Start of verifying flash
 -- Checksum calculation was estimated as fastest method -- End of verifying flash -- Start of restoring -- Restore RAMCode -- Restore content of target memory -- Restore target -- Restore memory -- Restore content of registers -- End of restoring -- Total time needed: 0.574s (Prepare: 0.150s, Compare: 0.043s, Erase: 0.013s, Program: 0.290s, Verify: 0.019s, Restore: 0.057s)  returns 0x3100 (0583ms, 3156ms total)
T0BF8 1335:766 JLINK_EMU_GetList(InterfaceMask = 0x00000001, MaxInfos = 0x00000032) [0]: USB, S/N: 268005729  returns 0x01 (0001ms, 3157ms total)
T1CEC 1335:767 JLINK_WriteVectorCatch(0x00000001) -- CPU_ReadMem(4 bytes @ 0xE000EDFC) -- CPU_WriteMem(4 bytes @ 0xE000EDFC)  returns 0x00 (0002ms, 3159ms total)
T1CEC 1335:769 JLINK_Reset() -- CPU_ReadMem(4 bytes @ 0x20000000) -- CPU_WriteMem(4 bytes @ 0x20000000) -- CPU_WriteMem(4 bytes @ 0xE000ED0C) -- CPU is running -- CPU_ReadMem(4 bytes @ 0xE000EDF0) -- CPU is running -- CPU_ReadMem(4 bytes @ 0xE000EDFC) -- CPU is running -- CPU_WriteMem(4 bytes @ 0xE000EDFC) -- CPU is running -- CPU_WriteMem(4 bytes @ 0x41002100) -- CPU is running -- CPU_ReadMem(4 bytes @ 0x41002100) -- CPU is running -- CPU_ReadMem(4 bytes @ 0xE000EDFC) -- CPU is running
 -- CPU_WriteMem(4 bytes @ 0xE000EDFC) -- CPU_WriteMem(4 bytes @ 0xE0002000) -- CPU_ReadMem(4 bytes @ 0xE000EDFC) -- CPU_ReadMem(4 bytes @ 0xE0001000) -- CPU_WriteMem(4 bytes @ 0xE0001000) (0016ms, 3175ms total)
T1CEC 1335:785 JLINK_WriteVectorCatch(0x00000000) -- CPU_ReadMem(4 bytes @ 0xE000EDFC)  returns 0x00 (0001ms, 3176ms total)
T1CEC 1335:786 JLINK_Go() -- CPU_WriteMem(4 bytes @ 0xE0001004) (0002ms, 3178ms total)
T1CEC 1336:097 JLINK_Close() >0x42 TIF> >0x28 TIF> >0x0D TIF> >0x21 TIF> (0002ms, 3180ms total)
T1CEC 1336:097  (0002ms, 3180ms total)
T1CEC 1336:097 Closed (0002ms, 3180ms total)
